{"/Users/evaniukhina/Desktop/test-project/index.js": {"path":"/Users/evaniukhina/Desktop/test-project/index.js","statementMap":{"0":{"start":{"line":1,"column":23},"end":{"line":6,"column":1}},"1":{"start":{"line":3,"column":14},"end":{"line":3,"column":19}},"2":{"start":{"line":4,"column":2},"end":{"line":4,"column":42}},"3":{"start":{"line":5,"column":2},"end":{"line":5,"column":15}},"4":{"start":{"line":8,"column":0},"end":{"line":8,"column":32}}},"fnMap":{"0":{"name":"(anonymous_0)","decl":{"start":{"line":1,"column":23},"end":{"line":1,"column":24}},"loc":{"start":{"line":1,"column":33},"end":{"line":6,"column":1}},"line":1}},"branchMap":{"0":{"loc":{"start":{"line":4,"column":2},"end":{"line":4,"column":41}},"type":"cond-expr","locations":[{"start":{"line":4,"column":14},"end":{"line":4,"column":24}},{"start":{"line":4,"column":29},"end":{"line":4,"column":40}}],"line":4}},"s":{"0":1,"1":5,"2":5,"3":5,"4":1},"f":{"0":5},"b":{"0":[1,4]},"_coverageSchema":"1a1c01bbd47fc00a2c39e90264f33305004495a9","hash":"d02fa988f19c7db2ff31f24ab9772b0571ce8d18"}
}
